0000000000000000 0000000000000401 b __fixedpath
0000000000000000 A __start__
0000000000000000 T _start
0000000000000000 b _TLS_MODULE_BASE_
0000000000000080 t startup
00000000000000b0 t bss_loop
0000000000000104 T __nx_exit
0000000000000118 T _init
0000000000000180 0000000000000038 T exit
00000000000001c0 000000000000029c T main
0000000000000408 0000000000002000 b tmp_buffer.6750
0000000000000460 t deregister_tm_clones
0000000000000490 t register_tm_clones
00000000000004c8 t __do_global_dtors_aux
0000000000000510 t frame_dummy
0000000000000550 0000000000000070 T printLine
00000000000005c0 0000000000000098 t strcmpci
0000000000000660 000000000000038c T ini_load
00000000000009f0 0000000000000134 T ini_get
0000000000000b30 0000000000000294 T consoleDrawChar
0000000000000dd0 0000000000000164 T consolePrintChar
0000000000000f40 0000000000000170 t consoleClearLine
00000000000010b0 00000000000001c4 t newRow
0000000000001280 000000000000018c t consoleCls
0000000000001410 00000000000000f8 T consoleInit
0000000000001510 0000000000000854 t con_write
0000000000001d70 0000000000000034 t ipcCloseObjectById
0000000000001db0 0000000000000124 t _appletGetHandle
0000000000001ee0 00000000000000e0 t _appletGetOperationMode.constprop.13
0000000000001fc0 00000000000000e0 t _appletGetCurrentFocusState.constprop.15
00000000000020a0 00000000000000ec t _appletReceiveMessage
0000000000002190 00000000000000e0 t _appletGetPerformanceMode.constprop.14
0000000000002270 00000000000000cc t _appletAcquireForegroundRights
0000000000002340 00000000000000d4 t _appletSetOperationModeChangedNotification.constprop.16
0000000000002408 0000000000002000 b tmp_buffer.6774
0000000000002420 00000000000000d4 t _appletSetPerformanceModeChangedNotification.constprop.17
0000000000002500 00000000000000d0 t _appletSetOutOfFocusSuspendingEnabled
00000000000025d0 00000000000000d8 t _appletSetFocusHandlingMode
00000000000026b0 00000000000000e0 t _appletGetAppletResourceUserId.constprop.11
0000000000002790 000000000000013c t _appletGetSessionProxy.constprop.10
00000000000028d0 000000000000048c T appletExit
0000000000002d60 0000000000000028 T appletHook
0000000000002d90 0000000000000034 T appletUnhook
0000000000002dd0 0000000000000028 T appletGetAppletResourceUserId
0000000000002e00 0000000000000120 T appletNotifyRunning
0000000000002f20 00000000000004dc T appletInitialize
0000000000003400 00000000000000ec T appletCreateManagedDisplayLayer
00000000000034f0 000000000000000c T appletGetOperationMode
0000000000003500 0000000000000144 T appletMainLoop
0000000000003650 0000000000000034 t ipcCloseObjectById
0000000000003690 0000000000000124 t _hidGetSharedMemoryHandle.constprop.8
00000000000037c0 0000000000000134 t _hidCreateAppletResource.constprop.7
0000000000003900 00000000000001b0 T hidReset
0000000000003ab0 000000000000000c T hidGetSharedmemAddr
0000000000003ac0 000000000000006c T hidKeysDown
0000000000003b30 000000000000000c T hidTouchCount
0000000000003b40 000000000000049c T hidScanInput
0000000000003fe0 000000000000010c T hidSetNpadJoyAssignmentModeDual
00000000000040f0 0000000000000120 T hidExit
0000000000004210 00000000000000e8 T hidInitialize
0000000000004300 0000000000000044 T smAddOverrideHandle
0000000000004350 0000000000000060 T smGetServiceOverride
00000000000043b0 0000000000000014 T smHasInitialized
00000000000043d0 0000000000000048 T smExit
0000000000004420 0000000000000038 T smEncodeName
0000000000004460 000000000000012c T smGetServiceOriginal
0000000000004590 0000000000000158 T smInitialize
00000000000046f0 0000000000000074 T smGetService
0000000000004770 0000000000000034 t ipcCloseObjectById
00000000000047b0 0000000000000124 t _apmGetSession.constprop.4
00000000000048e0 00000000000000f0 T apmExit
00000000000049d0 000000000000008c T apmInitialize
0000000000004a60 00000000000000cc T apmSetPerformanceConfiguration
0000000000004b30 00000000000000ec T fatalWithType
0000000000004c20 0000000000000014 T fatalSimple
0000000000004c40 00000000000000c8 t _gfxDequeueBuffer.part.0
0000000000004d10 0000000000000038 t _gfxQueueBuffer.part.1
0000000000004d50 00000000000000e8 T gfxConfigureCrop
0000000000004e40 0000000000000014 T gfxConfigureResolution
0000000000004e60 0000000000000060 t _gfxAutoResolutionAppletHook
0000000000004ec0 000000000000011c T gfxConfigureAutoResolution
0000000000004fe0 0000000000000178 T gfxExit
0000000000005160 0000000000000054 T _gfxGraphicBufferInit
00000000000051c0 0000000000000080 T gfxWaitForVsync
0000000000005240 0000000000000588 T gfxInitDefault
00000000000057d0 000000000000005c T gfxSwapBuffers
0000000000005830 0000000000000068 T gfxGetFramebuffer
00000000000058a0 000000000000000c T gfxSetMode
00000000000058b0 0000000000000144 T gfxFlushBuffers
0000000000005a00 000000000000003c t nvmapobjClose
0000000000005a40 000000000000006c t nvmapobjInitialize.part.0
0000000000005ab0 0000000000000070 t nvmapobjSetup.constprop.2
0000000000005b20 0000000000000bd8 T nvgfxInitialize
0000000000006700 0000000000000128 T nvgfxExit
0000000000006830 0000000000000068 T nvgfxEventWait
00000000000068a0 000000000000003c T nvgfxGetFramebuffer
00000000000068e0 0000000000000024 T nvioctlChannel_SetNvmapFd
0000000000006910 0000000000000030 T nvioctlChannel_AllocObjCtx
0000000000006940 0000000000000028 T nvioctlChannel_ZCullBind
0000000000006970 0000000000000028 T nvioctlChannel_SetErrorNotifier
00000000000069a0 0000000000000024 T nvioctlChannel_SetPriority
00000000000069d0 0000000000000054 T nvioctlChannel_AllocGpfifoEx2
0000000000006a30 0000000000000024 T nvioctlChannel_SetUserData
0000000000006a60 0000000000000040 T nvioctlNvhostCtrl_EventWait
0000000000006aa0 000000000000003c T nvioctlNvhostCtrlGpu_ZCullGetCtxSize
0000000000006ae0 0000000000000060 T nvioctlNvhostCtrlGpu_ZCullGetInfo
0000000000006b40 000000000000009c T nvioctlNvhostCtrlGpu_GetCharacteristics
0000000000006be0 000000000000005c T nvioctlNvhostCtrlGpu_GetTpcMasks
0000000000006c40 000000000000003c T nvioctlNvhostCtrlGpu_GetL2State
0000000000006c80 0000000000000024 T nvioctlNvhostAsGpu_BindChannel
0000000000006cb0 0000000000000044 T nvioctlNvhostAsGpu_AllocSpace
0000000000006d00 0000000000000050 T nvioctlNvhostAsGpu_MapBufferEx
0000000000006d50 0000000000000070 T nvioctlNvhostAsGpu_GetVARegions
0000000000006dc0 000000000000003c T nvioctlNvhostAsGpu_InitializeEx
0000000000006e00 000000000000003c T nvioctlNvmap_Create
0000000000006e40 000000000000003c T nvioctlNvmap_FromId
0000000000006e80 0000000000000030 T nvioctlNvmap_Alloc
0000000000006eb0 000000000000003c T nvioctlNvmap_GetId
0000000000006eec T armDCacheFlush
0000000000006f10 t armDCacheFlush_L0
0000000000006f28 T svcSetHeapSize
0000000000006f3c T svcUnmapMemory
0000000000006f44 T svcQueryMemory
0000000000006f58 T svcExitProcess
0000000000006f60 T svcSleepThread
0000000000006f68 T svcMapSharedMemory
0000000000006f70 T svcUnmapSharedMemory
0000000000006f78 T svcCreateTransferMemory
0000000000006f8c T svcCloseHandle
0000000000006f94 T svcResetSignal
0000000000006f9c T svcWaitSynchronization
0000000000006fb0 T svcArbitrateLock
0000000000006fb8 T svcArbitrateUnlock
0000000000006fc0 T svcGetSystemTick
0000000000006fc8 T svcConnectToNamedPort
0000000000006fdc T svcSendSyncRequest
0000000000006fe4 T svcBreak
0000000000006fec T svcGetInfo
0000000000007000 T svcUnmapTransferMemory
0000000000007010 00000000000000a0 T __nx_dynamic
00000000000070b0 00000000000000d8 W __libnx_initheap
0000000000007190 0000000000000090 W __appInit
0000000000007220 0000000000000034 W __appExit
0000000000007260 0000000000000028 W __libnx_init
0000000000007290 0000000000000020 W __libnx_exit
00000000000072b0 00000000000001b0 T envSetup
0000000000007460 0000000000000020 T envGetMainThreadHandle
0000000000007480 000000000000000c T envIsNso
0000000000007490 0000000000000014 T envHasHeapOverride
00000000000074b0 000000000000000c T envGetHeapOverrideAddr
00000000000074c0 000000000000000c T envGetHeapOverrideSize
00000000000074d0 0000000000000014 T envHasArgv
00000000000074f0 000000000000000c T envGetArgv
0000000000007500 000000000000000c T envGetExitFuncPtr
0000000000007510 0000000000000008 t mutexInit
0000000000007520 000000000000000c t rmutexInit
0000000000007530 00000000000000b8 T __libnx_gtod
00000000000075f0 0000000000000020 T __libnx_clock_settime
0000000000007610 0000000000000028 T __libnx_nanosleep
0000000000007640 0000000000000034 t __libnx_get_reent
0000000000007680 0000000000000058 T __libnx_clock_getres
00000000000076e0 00000000000000e0 T __libnx_clock_gettime
00000000000077c0 0000000000000054 T __libnx_init_time
0000000000007820 0000000000000118 T newlibSetup
0000000000007940 0000000000000368 T argvSetup
0000000000007cb0 0000000000000150 t _CacheValues
0000000000007e00 000000000000001c T kernelAbove200
0000000000007e20 000000000000001c T kernelAbove300
0000000000007e40 0000000000000030 T detectDebugger
0000000000007e70 0000000000000014 T shmemLoadRemote
0000000000007e90 0000000000000084 T shmemMap
0000000000007f20 0000000000000058 T shmemUnmap
0000000000007f80 0000000000000044 T shmemClose
0000000000007fd0 000000000000004c T rwlockReadLock
0000000000008020 000000000000004c T rwlockReadUnlock
0000000000008070 0000000000000008 T rwlockWriteLock
0000000000008080 0000000000000008 T rwlockWriteUnlock
0000000000008090 000000000000008c T mutexLock
0000000000008120 0000000000000030 T mutexUnlock
0000000000008150 000000000000004c T rmutexLock
00000000000081a0 000000000000001c T rmutexUnlock
00000000000081c0 000000000000007c t _GetRegionFromInfo.isra.1
0000000000008240 00000000000000e4 T virtmemSetup
0000000000008330 000000000000013c T virtmemReserve
0000000000008470 0000000000000004 T virtmemFree
0000000000008480 0000000000000010 t fsdev_link
0000000000008490 0000000000000010 t fsdev_dirreset
00000000000084a0 0000000000000010 t fsdev_chmod
00000000000084b0 000000000000001c t error_cmp
00000000000084d0 0000000000000058 t fsdev_translate_error
0000000000008530 0000000000000040 t fsdev_fsync
0000000000008570 0000000000000060 t fsdev_ftruncate
00000000000085d0 0000000000000020 t fsdev_dirclose
00000000000085f0 000000000000016c t fsdev_dirnext
0000000000008760 000000000000001c t fsdev_close
0000000000008780 0000000000000080 t fsdev_fstat
0000000000008800 00000000000000b0 t fsdev_seek
00000000000088b0 0000000000000198 t fsdev_read
0000000000008a50 00000000000001a0 t fsdev_write
0000000000008bf0 0000000000000120 t fsdevFindDevice
0000000000008d10 0000000000000168 t _fsdevMountDevice
0000000000008e80 00000000000001fc t fsdev_getfspath
0000000000009080 0000000000000070 t fsdev_rmdir
00000000000090f0 00000000000000d4 t fsdev_statvfs
00000000000091d0 00000000000000ec t fsdev_diropen
00000000000092c0 0000000000000070 t fsdev_mkdir
0000000000009330 0000000000000114 t fsdev_rename
0000000000009450 00000000000000e8 t fsdev_chdir
0000000000009540 0000000000000070 t fsdev_unlink
00000000000095b0 0000000000000168 t fsdev_stat
0000000000009720 0000000000000180 t fsdev_open
00000000000098a0 00000000000000b8 t _fsdevUnmountDeviceStruct.part.4
0000000000009960 0000000000000010 t fsdev_fchmod
0000000000009970 0000000000000158 T fsdevMountSdmc
0000000000009ad0 0000000000000064 T fsdevUnmountAll
0000000000009b40 0000000000000034 t ipcCloseObjectById
0000000000009b80 00000000000000c8 t ipcQueryPointerBufferSize.constprop.6
0000000000009c50 00000000000000d8 t _nvSetClientPID
0000000000009d30 00000000000000f0 t _nvInitialize.constprop.5
0000000000009e20 00000000000000a8 T nvExit
0000000000009ed0 00000000000001a4 T nvInitialize
000000000000a080 000000000000012c T nvConvertError
000000000000a1b0 000000000000012c T nvOpen
000000000000a2e0 0000000000000218 T nvIoctl
000000000000a500 00000000000000dc T nvClose
000000000000a5e0 000000000000013c T nvQueryEvent
000000000000a720 0000000000000034 t ipcCloseObjectById
000000000000a760 000000000000012c t _timeGetSession
000000000000a890 00000000000001ec T timeExit
000000000000aa80 00000000000000d8 T timeInitialize
000000000000ab60 0000000000000124 T timeGetCurrentTime
000000000000ac90 0000000000000034 t ipcCloseObjectById
000000000000acd0 0000000000000130 t _viCreatestray_layer.isra.4
000000000000ae00 0000000000000134 t _viGetSession.constprop.6
000000000000af40 0000000000000140 t _viOpenLayer
000000000000b080 00000000000001d8 T viExit
000000000000b260 000000000000026c T viInitialize
000000000000b4d0 000000000000000c T viGetSession_IHOSBinderDriverRelay
000000000000b4e0 0000000000000140 T viOpenDisplay
000000000000b620 00000000000000f0 T viCloseDisplay
000000000000b710 00000000000000d0 T viOpenLayer
000000000000b7e0 0000000000000100 T viCloseLayer
000000000000b8e0 00000000000000e8 T viSetLayerScalingMode
000000000000b9d0 000000000000012c T viGetDisplayVsyncEvent
000000000000bb00 0000000000000034 t ipcCloseObjectById
000000000000bb40 0000000000000124 T fsInitialize
000000000000bc70 000000000000009c T fsExit
000000000000bd10 0000000000000134 T fsMountSdcard
000000000000be50 00000000000000f4 T fsFsCreateFile
000000000000bf50 00000000000000f0 T fsFsDeleteFile
000000000000c040 00000000000000f0 T fsFsCreateDirectory
000000000000c130 00000000000000f0 T fsFsDeleteDirectory
000000000000c220 000000000000011c T fsFsRenameFile
000000000000c340 000000000000011c T fsFsRenameDirectory
000000000000c460 0000000000000104 T fsFsGetEntryType
000000000000c570 0000000000000154 T fsFsOpenFile
000000000000c6d0 000000000000014c T fsFsOpenDirectory
000000000000c820 0000000000000104 T fsFsGetFreeSpace
000000000000c930 0000000000000104 T fsFsGetTotalSpace
000000000000ca40 000000000000006c T fsFsClose
000000000000cab0 0000000000000108 T fsFileRead
000000000000cbc0 00000000000000f8 T fsFileWrite
000000000000ccc0 00000000000000c8 T fsFileFlush
000000000000cd90 00000000000000c8 T fsFileSetSize
000000000000ce60 00000000000000ec T fsFileGetSize
000000000000cf50 000000000000006c T fsFileClose
000000000000cfc0 000000000000006c T fsDirClose
000000000000d030 0000000000000110 T fsDirRead
000000000000d140 0000000000000010 T bufferProducerInitialize
000000000000d150 000000000000000c T bufferProducerExit
000000000000d160 000000000000011c T bufferProducerRequestBuffer
000000000000d280 0000000000000198 T bufferProducerDequeueBuffer
000000000000d420 0000000000000094 T bufferProducerDetachBuffer
000000000000d4c0 0000000000000108 T bufferProducerQueueBuffer
000000000000d5d0 00000000000000dc T bufferProducerQuery
000000000000d6b0 0000000000000110 T bufferProducerConnect
000000000000d7c0 0000000000000094 T bufferProducerDisconnect
000000000000d860 0000000000000100 T bufferProducerGraphicBufferInit
000000000000d960 0000000000000248 t _binderTransactParcelAuto
000000000000dbb0 00000000000000c8 t ipcQueryPointerBufferSize
000000000000dc80 0000000000000138 t _binderTransactParcel
000000000000ddc0 0000000000000018 T binderCreateSession
000000000000dde0 0000000000000010 T binderTransactParcel
000000000000ddf0 00000000000000e4 T binderAdjustRefcount
000000000000dee0 0000000000000068 T binderExitSession
000000000000df50 000000000000013c T binderGetNativeHandle
000000000000e090 0000000000000120 T binderInitSession
000000000000e1b0 0000000000000028 T parcelInitialize
000000000000e1e0 0000000000000190 T parcelTransact
000000000000e370 0000000000000088 T parcelWriteData
000000000000e400 0000000000000098 T parcelReadData
000000000000e4a0 0000000000000020 T parcelWriteInt32
000000000000e4c0 0000000000000020 T parcelWriteUInt32
000000000000e4e0 0000000000000080 T parcelWriteString16
000000000000e560 0000000000000030 T parcelWriteInterfaceToken
000000000000e590 0000000000000024 T parcelReadInt32
000000000000e5c0 0000000000000068 T parcelReadFlattenedObject
000000000000e630 0000000000000044 T parcelWriteFlattenedObject
000000000000e680 000000000000012c T decode_utf8
000000000000e7ac T __aarch64_read_tp
000000000000e7c0 00000000000000c4 T nxlinkSetup
000000000000e890 000000000000007c T tmemCreate
000000000000e910 0000000000000058 T tmemUnmap
000000000000e970 0000000000000068 T tmemClose
000000000000e9d8 00000000000000b8 T bsearch
000000000000ea90 0000000000000030 T calloc
000000000000eac0 0000000000000094 T _calloc_r
000000000000eb58 0000000000000014 T __errno
000000000000eb70 000000000000015c T _fclose_r
000000000000ecd0 000000000000001c T fclose
000000000000ecf0 0000000000000214 T __sflush_r
000000000000ef08 00000000000000b8 T _fflush_r
000000000000efc0 0000000000000040 T fflush
000000000000f000 0000000000000078 t std
000000000000f078 000000000000000c T _cleanup_r
000000000000f088 0000000000000060 T __sfmoreglue
000000000000f0e8 000000000000000c T __sfp_lock_acquire
000000000000f0f8 000000000000000c T __sfp_lock_release
000000000000f108 000000000000000c T __sinit_lock_acquire
000000000000f118 000000000000000c T __sinit_lock_release
000000000000f128 0000000000000080 T __sinit
000000000000f1a8 0000000000000118 T __sfp
000000000000f2c0 0000000000000044 T __libc_fini_array
000000000000f308 0000000000000130 T _fopen_r
000000000000f438 0000000000000030 T fopen
000000000000f468 0000000000000328 T _fread_r
000000000000f790 0000000000000040 T fread
000000000000f7d0 0000000000000118 T _malloc_trim_r
000000000000f8e8 00000000000002f4 T _free_r
000000000000fbe0 0000000000000004 T _fseek_r
000000000000fbe8 000000000000003c T fseek
000000000000fc28 00000000000004c4 T _fseeko_r
00000000000100f0 0000000000000004 T _ftell_r
00000000000100f8 000000000000001c T ftell
0000000000010118 0000000000000164 T _ftello_r
0000000000010280 00000000000000b8 T _fwalk
0000000000010338 00000000000000bc T _fwalk_reent
00000000000103f8 000000000000008c T __libc_init_array
0000000000010488 000000000000002c T __locale_mb_cur_max
00000000000104b8 0000000000000008 T __locale_ctype_ptr_l
00000000000104c0 000000000000002c T __locale_ctype_ptr
00000000000104f0 00000000000000a4 T __swhatbuf_r
0000000000010598 000000000000010c T __smakebuf_r
00000000000106a8 0000000000000030 T memalign
00000000000106d8 0000000000000198 T _memalign_r
0000000000010870 000000000000001c T malloc
0000000000010890 000000000000001c T free
00000000000108b0 0000000000000844 T _malloc_r
00000000000110f8 00000000000002c8 T __utf8_mbtowc
00000000000113c0 00000000000000d8 T memchr
00000000000114c0 000000000000016c T memcpy
0000000000011640 00000000000001d8 T memset
0000000000011818 000000000000000c T __malloc_lock
0000000000011828 000000000000000c T __malloc_unlock
0000000000011838 000000000000008c T printf
00000000000118c8 0000000000000020 t lflush
00000000000118e8 00000000000001d0 T __srefill_r
0000000000011ab8 0000000000000034 T _rewind_r
0000000000011af0 000000000000001c T rewind
0000000000011b10 000000000000025c T setvbuf
0000000000011d70 00000000000000bc T sscanf
0000000000011e30 0000000000000050 T __sread
0000000000011e80 0000000000000008 T __seofread
0000000000011e88 000000000000006c T __swrite
0000000000011ef8 0000000000000050 T __sseek
0000000000011f48 0000000000000008 T __sclose
0000000000011f50 00000000000000dc T strchr
0000000000012040 00000000000000a4 T strcmp
00000000000120e8 000000000000004c T strcspn
0000000000012140 0000000000000140 T strlen
0000000000012280 0000000000000084 T strncat
000000000001235c 0000000000000108 T strncmp
0000000000012468 00000000000000a8 T strncpy
0000000000012564 00000000000000e0 T strnlen
0000000000012620 00000000000001d0 t _strtol_l.isra.0
00000000000127f0 0000000000000048 T _strtol_r
0000000000012838 00000000000001e0 t _strtoul_l.isra.0
0000000000012a18 0000000000000048 T _strtoul_r
0000000000012a60 000000000000005c T strtoul
0000000000012abc 000000000000005c t get_arg
0000000000012b18 0000000000002f48 T __ssvfscanf_r
0000000000015a60 000000000000003c T __sprint_r
0000000000015a9c 000000000000076c t get_arg
0000000000016208 0000000000003bfc T _vfprintf_r
0000000000019e04 00000000000000ec t __sbprintf
0000000000019ef0 00000000000000d0 T _wcrtomb_r
0000000000019fc0 0000000000000010 T _wcsrtombs_r
0000000000019fd0 00000000000000e4 T __utf8_wctomb
000000000001a0b8 0000000000000140 T __swsetup_r
000000000001a1f8 000000000000017c T __call_exitprocs
000000000001a378 00000000000001a8 t quorem
000000000001a520 00000000000010dc T _dtoa_r
000000000001b600 00000000000000a8 T __sflags
000000000001b6a8 00000000000004b8 T __sfvwrite_r
000000000001bb60 0000000000000084 T iswspace
000000000001bbe8 0000000000000244 t __jp2uc
000000000001be30 00000000000000d0 T _jp2uc
000000000001bf00 0000000000000008 T __localeconv_l
000000000001bf08 0000000000000028 T _localeconv_r
000000000001bf30 00000000000000d8 T _mbrtowc_r
000000000001c040 00000000000000ac T memmove
000000000001c0f0 0000000000000090 T _Balloc
000000000001c180 000000000000001c T _Bfree
000000000001c1a0 00000000000000e8 T __multadd
000000000001c288 0000000000000120 T __s2b
000000000001c3a8 000000000000005c T __hi0bits
000000000001c408 00000000000000a0 T __lo0bits
000000000001c4a8 000000000000002c T __i2b
000000000001c4d8 00000000000001c8 T __multiply
000000000001c6a0 0000000000000104 T __pow5mult
000000000001c7a8 0000000000000134 T __lshift
000000000001c8e0 0000000000000050 T __mcmp
000000000001c930 000000000000014c T __mdiff
000000000001ca80 0000000000000068 T __ulp
000000000001cae8 0000000000000150 T __b2d
000000000001cc38 0000000000000138 T __d2b
000000000001cd70 00000000000000a0 T __ratio
000000000001ce10 0000000000000068 T __copybits
000000000001ce78 0000000000000084 T __any_on
000000000001cf00 0000000000000030 T realloc
000000000001cf30 000000000000056c T _realloc_r
000000000001d4a0 00000000000000bc T __sccl
000000000001d560 000000000000000c T nanf
000000000001d570 000000000000007c T frexp
000000000001d5f0 00000000000000a8 T sprintf
000000000001d698 00000000000000c8 T stpncpy
000000000001d760 0000000000000054 t sulp
000000000001d7b8 00000000000010f0 T _strtod_l
000000000001e8a8 0000000000000040 T _strtod_r
000000000001e8e8 00000000000001d0 t _strtoll_l.isra.0
000000000001eab8 0000000000000048 T _strtoll_r
000000000001eb00 00000000000001e0 t _strtoull_l.isra.0
000000000001ece0 0000000000000048 T _strtoull_r
000000000001ed28 00000000000001c0 T __ssprint_r
000000000001eee8 00000000000000f4 T _sungetc_r
000000000001efdc 0000000000000070 T __ssrefill_r
000000000001f04c 00000000000000e0 T _sfread_r
000000000001f12c 000000000000076c t get_arg
000000000001f898 0000000000003b44 T _svfprintf_r
00000000000233e0 00000000000000c8 T __submore
00000000000234a8 00000000000001dc T _wcsnrtombs_l
0000000000023688 0000000000000054 T _wcsnrtombs_r
00000000000236e0 0000000000000114 t rshift
00000000000237f8 00000000000007e8 T __gethex
0000000000023fe0 0000000000000048 T __match
0000000000024028 000000000000022c T __hexnan
0000000000024258 0000000000000008 t null_write
0000000000024260 0000000000000018 T setDefaultDevice
0000000000024278 00000000000000f8 T FindDevice
0000000000024370 0000000000000034 T RemoveDevice
00000000000243a8 00000000000000d8 T AddDevice
0000000000024480 00000000000000a8 T _close_r
0000000000024528 0000000000000080 T _fstat_r
00000000000245a8 0000000000000008 T _isatty_r
00000000000245b0 0000000000000094 T _lseek_r
0000000000024648 00000000000000e0 T _open_r
0000000000024728 00000000000000a4 T _read_r
00000000000247d0 0000000000000078 T _sbrk_r
0000000000024848 00000000000000a4 T _write_r
00000000000248f0 0000000000000024 T _exit
0000000000024918 0000000000000234 T _concatenate_path
0000000000024b50 0000000000000178 T chdir
0000000000024cc8 0000000000000018 T __libc_lock_acquire
0000000000024ce0 0000000000000018 T __libc_lock_release
0000000000024cf8 0000000000000018 T __libc_lock_init_recursive
0000000000024d10 0000000000000018 T __libc_lock_acquire_recursive
0000000000024d28 0000000000000018 T __libc_lock_release_recursive
0000000000024d40 0000000000000018 T __libc_lock_close_recursive
0000000000024d58 000000000000003c T __free_handle
0000000000024d98 0000000000000058 T __release_handle
0000000000024df0 00000000000000c0 T __alloc_handle
0000000000024eb0 0000000000000020 T __get_handle
0000000000024ed0 0000000000000024 T __getreent
0000000000024ef8 0000000000000150 t __extenddftf2
0000000000025048 0000000000000350 t __trunctfdf2
0000000000025398 0000000000000070 t __sfp_handle_exceptions
0000000000025408 0000000000000100 T strrchr
0000000000025508 T _fini
00000000000262f8 0000000000000060 r colorTable
00000000000263c8 0000000000000014 r CSWTCH.39
0000000000026494 R default_font_bin
0000000000028494 R default_font_bin_end
0000000000028494 R default_font_bin_size
00000000000284a0 0000000000000018 r error_table
0000000000028640 0000000000000022 r basefix.6415
00000000000287f0 0000000000000010 r blanks.6393
0000000000028800 0000000000000010 r zeroes.6394
0000000000028810 0000000000000101 R _ctype_
0000000000028968 00000000000000bc r a1
0000000000028a28 00000000000000bc r a2
0000000000028ae8 000000000000005b r a3
0000000000028b48 0000000000000070 r a6
0000000000028bb8 00000000000000a2 r a7
0000000000028c60 0000000000000040 r a8
0000000000028ca0 000000000000172a r b02cf
000000000002a3d0 0000000000001a7c r d02f4
000000000002be50 0000000000000028 R __mprec_bigtens
000000000002be78 00000000000000c8 R __mprec_tens
000000000002bf40 000000000000000c r p05.5161
000000000002bf80 0000000000000014 r fpi.5241
000000000002bf98 0000000000000014 r fpinan.5277
000000000002bfb0 0000000000000028 r tinytens
000000000002bfd8 000000000000006c R __action_table
000000000002c048 0000000000000100 R __chclass
000000000002c148 000000000000006c R __state_table
000000000002c300 0000000000000010 r blanks.6378
000000000002c310 0000000000000010 r zeroes.6379
000000000002c320 0000000000000100 R __hexdig
000000000002c428 0000000000000003 R DIRECTORY_PARENT
000000000002c430 r __EH_FRAME_BEGIN__
0000000000031bac r __FRAME_END__
0000000000031bb0 a _DYNAMIC
0000000000035000 t __frame_dummy_init_array_entry
0000000000035000 T __init_array_start
0000000000035000 B __preinit_array_end
0000000000035000 B __preinit_array_start
0000000000035000 D __tdata_lma
0000000000035000 D __tdata_lma_end
0000000000035008 t __do_global_dtors_aux_fini_array_entry
0000000000035008 T __fini_array_start
0000000000035008 T __init_array_end
0000000000035010 T __fini_array_end
0000000000035010 T __got_start__
0000000000035010 a _GLOBAL_OFFSET_TABLE_
00000000000352c8 D __got_end__
00000000000352c8 0000000000000008 D asciiart
00000000000352d0 0000000000000001 d firstConsoleInit.5935
00000000000352d8 0000000000000008 D currentConsole
00000000000352e0 0000000000000068 D defaultConsole
0000000000035348 00000000000000e0 d dotab_stdout
0000000000035428 0000000000000001 V __nx_applet_auto_notifyrunning
000000000003542c 0000000000000004 V __nx_applet_type
0000000000035430 0000000000000004 d g_gfxMode
0000000000035438 0000000000000054 d g_gfxQueueBufferData
0000000000035490 000000000000016c d g_gfx_BufferInitData
00000000000355fc 0000000000000001 D g_gfx_drawflip
0000000000035600 0000000000000004 V __nx_time_type
0000000000035608 0000000000000401 d __cwd
0000000000035a0c 0000000000000004 d fsdev_fsdevice_cwd
0000000000035a10 0000000000000004 d fsdev_fsdevice_default
0000000000035a18 00000000000000e0 d fsdev_devoptab
0000000000035af8 0000000000000004 d g_nvServiceType
0000000000035afc 0000000000000004 d g_viServiceType
0000000000035b00 0000000000000023 d g_bufferProducer_InterfaceDescriptor
0000000000035b28 0000000000000008 D _impure_ptr
0000000000035b30 0000000000000768 d impure_data
0000000000036298 0000000000000008 D _global_impure_ptr
00000000000362a0 00000000000001a8 D __global_locale
0000000000036448 0000000000000008 D __malloc_sbrk_base
0000000000036450 0000000000000008 D __malloc_trim_threshold
0000000000036458 0000000000000810 D __malloc_av_
0000000000036c68 0000000000000004 d defaultDevice
0000000000036c70 0000000000000080 D devoptab_list
0000000000036cf0 00000000000000e0 D dotab_stdnull
0000000000036dd0 0000000000000400 d _current_working_directory
00000000000371d0 0000000000000010 d __stderr_handle
00000000000371e0 0000000000000010 d __stdin_handle
00000000000371f0 0000000000000010 d __stdout_handle
0000000000037200 0000000000002000 d handles
0000000000039200 D __bss_start__
0000000000039200 D __TMC_END__
0000000000039200 b completed.7821
0000000000039208 b object.7826
0000000000039238 0000000000000008 V __nx_applet_PerformanceConfiguration
0000000000039240 0000000000000018 b g_appletFirstHook
0000000000039258 0000000000000001 b g_appletFocusState
0000000000039260 000000000000000c b g_appletIAudioController
0000000000039270 000000000000000c b g_appletICommonStateGetter
0000000000039280 000000000000000c b g_appletIDebugFunctions
0000000000039290 000000000000000c b g_appletIDisplayController
00000000000392a0 000000000000000c b g_appletIFunctions
00000000000392b0 000000000000000c b g_appletILibraryAppletCreator
00000000000392c0 000000000000000c b g_appletILibraryAppletSelfAccessor
00000000000392d0 000000000000000c b g_appletIProcessWindingController
00000000000392e0 000000000000000c b g_appletISelfController
00000000000392f0 000000000000000c b g_appletIWindowController
00000000000392fc 0000000000000004 b g_appletMessageEventHandle
0000000000039300 0000000000000001 b g_appletNotifiedRunning
0000000000039301 0000000000000001 b g_appletOperationMode
0000000000039304 0000000000000004 b g_appletPerformanceMode
0000000000039308 000000000000000c b g_appletProxySession
0000000000039318 0000000000000008 b g_appletResourceUserId
0000000000039320 000000000000000c b g_appletSrv
0000000000039330 0000000000000008 b g_refCnt
0000000000039338 0000000000000050 b g_controllerDown
0000000000039388 00000000000001e0 b g_controllerEntries
0000000000039568 0000000000000190 b g_controllerHeaders
00000000000396f8 0000000000000050 b g_controllerHeld
0000000000039748 0000000000000028 b g_controllerLayout
0000000000039770 0000000000000050 b g_controllerOld
00000000000397c0 0000000000000004 b g_controllerP1AutoID
00000000000397c8 0000000000000050 b g_controllerTimestamps
0000000000039818 0000000000000050 b g_controllerUp
0000000000039868 000000000000000c b g_hidIAppletResource
0000000000039878 0000000000000020 b g_hidLock
0000000000039898 0000000000000020 b g_hidSharedmem
00000000000398b8 000000000000000c b g_hidSrv
00000000000398c8 0000000000000020 b g_keyboardDown
00000000000398e8 0000000000000038 b g_keyboardEntry
0000000000039920 0000000000000020 b g_keyboardHeld
0000000000039940 0000000000000008 b g_keyboardModDown
0000000000039948 0000000000000008 b g_keyboardModHeld
0000000000039950 0000000000000008 b g_keyboardModOld
0000000000039958 0000000000000008 b g_keyboardModUp
0000000000039960 0000000000000020 b g_keyboardOld
0000000000039980 0000000000000008 b g_keyboardTimestamp
0000000000039988 0000000000000020 b g_keyboardUp
00000000000399a8 0000000000000008 b g_mouseDown
00000000000399b0 0000000000000030 b g_mouseEntry
00000000000399e0 0000000000000008 b g_mouseHeld
00000000000399e8 0000000000000008 b g_mouseOld
00000000000399f0 0000000000000008 b g_mouseTimestamp
00000000000399f8 0000000000000008 b g_mouseUp
0000000000039a00 0000000000000008 b g_refCnt
0000000000039a08 0000000000000298 b g_touchEntry
0000000000039ca0 0000000000000008 b g_touchTimestamp
0000000000039ca8 0000000000000008 b g_refCnt
0000000000039cb0 0000000000000004 b g_smHandle
0000000000039cb8 0000000000000200 b g_smOverrides
0000000000039eb8 0000000000000008 b g_smOverridesNum
0000000000039ec0 000000000000000c b g_apmISession
0000000000039ed0 000000000000000c b g_apmSrv
0000000000039ee0 0000000000000008 b g_refCnt
0000000000039ee8 0000000000000020 b g_gfxBinderSession
0000000000039f08 0000000000000004 b g_gfxCurrentBuffer
0000000000039f0c 0000000000000004 b g_gfxCurrentProducerBuffer
0000000000039f10 0000000000000050 b g_gfxDisplay
0000000000039f60 0000000000000004 b g_gfxDisplayVsyncEvent
0000000000039f68 0000000000000008 b g_gfxFramebuf
0000000000039f70 0000000000000008 b g_gfxFramebufLinear
0000000000039f78 0000000000000008 b g_gfxFramebufSize
0000000000039f80 0000000000000001 b g_gfxInitialized
0000000000039f88 0000000000000010 b g_gfxLayer
0000000000039f98 0000000000000100 b g_gfxNativeWindow
000000000003a098 0000000000000004 b g_gfxNativeWindow_ID
000000000003a0a0 0000000000000008 b g_gfxNativeWindow_Size
000000000003a0a8 0000000000000010 b g_gfx_Connect_QueueBufferOutput
000000000003a0b8 0000000000000024 b g_gfx_DequeueBuffer_fence
000000000003a0dc 0000000000000001 b g_gfx_ProducerConnected
000000000003a0e0 0000000000000002 b g_gfx_ProducerSlotsRequested
000000000003a0e8 0000000000000010 b g_gfx_QueueBuffer_QueueBufferOutput
000000000003a0f8 0000000000000018 b g_gfx_autoresolution_applethookcookie
000000000003a110 0000000000000004 b g_gfx_autoresolution_docked_height
000000000003a114 0000000000000004 b g_gfx_autoresolution_docked_width
000000000003a118 0000000000000001 b g_gfx_autoresolution_enabled
000000000003a11c 0000000000000004 b g_gfx_autoresolution_handheld_height
000000000003a120 0000000000000004 b g_gfx_autoresolution_handheld_width
000000000003a128 0000000000000008 B g_gfx_framebuf_aligned_height
000000000003a130 0000000000000008 B g_gfx_framebuf_aligned_width
000000000003a138 0000000000000008 B g_gfx_framebuf_display_height
000000000003a140 0000000000000008 B g_gfx_framebuf_display_width
000000000003a148 0000000000000008 B g_gfx_framebuf_height
000000000003a150 0000000000000008 B g_gfx_framebuf_width
000000000003a158 0000000000000008 B g_gfx_singleframebuf_linear_size
000000000003a160 0000000000000008 B g_gfx_singleframebuf_size
000000000003a168 0000000000000001 b g_nvgfxInitialized
000000000003a16c 0000000000000004 b g_nvgfx_fd_nvhostasgpu
000000000003a170 0000000000000004 b g_nvgfx_fd_nvhostctrl
000000000003a174 0000000000000004 b g_nvgfx_fd_nvhostctrlgpu
000000000003a178 0000000000000004 b g_nvgfx_fd_nvhostgpu
000000000003a17c 0000000000000004 b g_nvgfx_fd_nvmap
000000000003a180 0000000000000008 b g_nvgfx_gpfifo_pos
000000000003a188 00000000000000a0 b g_nvgfx_gpu_characteristics
000000000003a228 0000000000000008 b g_nvgfx_l2state
000000000003a230 0000000000000008 b g_nvgfx_nvhost_fence
000000000003a238 0000000000000008 b g_nvgfx_nvhost_userdata
000000000003a240 0000000000000008 b g_nvgfx_nvhost_userdata_size
000000000003a248 0000000000000008 b g_nvgfx_nvhostasgpu_allocspace_offset
000000000003a250 0000000000000030 b g_nvgfx_nvhostasgpu_varegions
000000000003a280 0000000000000004 b g_nvgfx_nvhostctrl_eventhandle
000000000003a284 0000000000000004 b g_nvgfx_nvhostctrl_eventres
000000000003a288 0000000000000004 b g_nvgfx_nvhostctrlgpu_event2
000000000003a28c 0000000000000004 b g_nvgfx_nvhostgpu_event3
000000000003a290 0000000000000004 B g_nvgfx_totalframebufs
000000000003a298 0000000000000018 b g_nvgfx_tpcmasks
000000000003a2b0 0000000000000004 b g_nvgfx_zcullctxsize
000000000003a2b8 0000000000000028 b g_nvgfx_zcullinfo
000000000003a2e0 0000000000000008 b nvmap_obj3_mapbuffer_x0_offset
000000000003a2e8 0000000000000008 b nvmap_obj4_mapbuffer_x0_offset
000000000003a2f0 0000000000000008 b nvmap_obj6_mapbuffer_xdb_offset
000000000003a2f8 00000000000001b0 b nvmap_objs
000000000003a4a8 0000000000000008 V __nx_heap_size
000000000003a4b0 0000000000000001 b g_isNso
000000000003a4b4 0000000000000004 b g_lastLoadResult
000000000003a4b8 0000000000000008 b g_loaderRetAddr
000000000003a4c0 0000000000000004 b g_mainThreadHandle
000000000003a4c8 0000000000000008 b g_nextLoadArgv
000000000003a4d0 0000000000000008 b g_nextLoadPath
000000000003a4d8 0000000000000008 b g_overrideArgv
000000000003a4e0 0000000000000008 b g_overrideHeapAddr
000000000003a4e8 0000000000000008 b g_overrideHeapSize
000000000003a4f0 0000000000000004 b g_processHandle
000000000003a4f8 0000000000000010 b g_syscallHints
000000000003a508 0000000000000008 b __bootticks
000000000003a510 0000000000000008 b __boottime
000000000003a518 0000000000000008 b g_argv_empty
000000000003a520 0000000000000001 b g_HasCached
000000000003a521 0000000000000001 b g_IsAbove200
000000000003a522 0000000000000001 b g_IsAbove300
000000000003a523 0000000000000001 b g_IsAbove400
000000000003a524 0000000000000001 b g_IsAbove500
000000000003a528 0000000000000004 b g_Mutex
000000000003a530 0000000000000010 b g_AddressSpace
000000000003a540 0000000000000008 b g_CurrentAddr
000000000003a548 0000000000000030 b g_Region
000000000003a578 0000000000000004 b g_VirtMemMutex
000000000003a580 0000000000002300 b fsdev_fsdevices
000000000003c880 0000000000000001 b fsdev_initialised
000000000003c888 0000000000000008 b g_nvIpcBufferSize
000000000003c890 000000000000000c b g_nvSrv
000000000003c8a0 0000000000000028 b g_nvTransfermem
000000000003c8c8 0000000000000008 b g_refCnt
000000000003c8d0 000000000000000c b g_timeLocalSystemClock
000000000003c8e0 000000000000000c b g_timeNetworkSystemClock
000000000003c8f0 000000000000000c b g_timeSrv
000000000003c900 000000000000000c b g_timeTimeZoneService
000000000003c910 000000000000000c b g_timeUserSystemClock
000000000003c920 000000000000000c b g_viIApplicationDisplayService
000000000003c930 000000000000000c b g_viIHOSBinderDriverIndirect
000000000003c940 000000000000000c b g_viIHOSBinderDriverRelay
000000000003c950 000000000000000c b g_viIManagerDisplayService
000000000003c960 000000000000000c b g_viISystemDisplayService
000000000003c970 000000000000000c b g_viSrv
000000000003c980 000000000000000c b g_fsSrv
000000000003c990 0000000000000008 b g_refCnt
000000000003c998 0000000000000008 b g_bufferProducerBinderSession
000000000003c9a0 000000000000000c b __sfp_recursive_mutex
000000000003c9b0 000000000000000c b __sinit_recursive_mutex
000000000003c9c0 0000000000000028 B __malloc_current_mallinfo
000000000003c9e8 0000000000000008 B __malloc_max_sbrked_mem
000000000003c9f0 0000000000000008 B __malloc_max_total_mem
000000000003c9f8 0000000000000008 B __malloc_top_pad
000000000003ca00 000000000000000c b __malloc_recursive_mutex
000000000003ca10 000000000000000c B __atexit_recursive_mutex
000000000003ca20 0000000000000008 b heap_start.5228
000000000003ca28 0000000000000008 B fake_heap_end
000000000003ca30 0000000000000008 B fake_heap_start
000000000003ca38 0000000000000400 b temp_cwd
000000000003ce38 0000000000000090 B __syscalls
000000000003cec8 0000000000000004 b __hndl_lock
000000000003ced0 0000000000000068 B currentCopy
000000000003cf38 0000000000000008 B g_nvgfx_nvhostgpu_gpfifo_fence
000000000003cf40 0000000000000008 B __stack_top
000000000003cf48 0000000000000008 B __system_argv
000000000003cf50 0000000000000004 B __system_argc
000000000003cf58 0000000000000004 B __nxlink_host
000000000003cf60 B __tls_start
0000000000041368 B __bss_end__
0000000000041368 A __end__
0000000000041368 B __tls_end
0000000000042000 A __argdata__
